<?xml version="1.0" ?>
<!DOCTYPE coverage SYSTEM "http://cobertura.sourceforge.net/xml/coverage-04.dtd">
<coverage lines-valid="65" lines-covered="65" line-rate="1" branches-valid="5" branches-covered="5" branch-rate="1" timestamp="1778033755207" complexity="0" version="0.1">
  <sources>
    <source>C:\Users\dhiar\Desktop\fullstack7\backendv2</source>
  </sources>
  <packages>
    <package name="controllers" line-rate="1" branch-rate="1">
      <classes>
        <class name="coverage.controller.js" filename="controllers\coverage.controller.js" line-rate="1" branch-rate="1">
          <methods>
            <method name="(anonymous_0)" hits="1" signature="()V">
              <lines>
                <line number="4" hits="1"/>
              </lines>
            </method>
            <method name="(anonymous_1)" hits="2" signature="()V">
              <lines>
                <line number="8" hits="2"/>
              </lines>
            </method>
          </methods>
          <lines>
            <line number="4" hits="1" branch="false"/>
            <line number="5" hits="1" branch="false"/>
            <line number="8" hits="1" branch="false"/>
            <line number="9" hits="2" branch="true" condition-coverage="100% (5/5)"/>
            <line number="10" hits="1" branch="false"/>
            <line number="13" hits="1" branch="false"/>
          </lines>
        </class>
      </classes>
    </package>
    <package name="models" line-rate="1" branch-rate="1">
      <classes>
        <class name="Activity.js" filename="models\Activity.js" line-rate="1" branch-rate="1">
          <methods>
          </methods>
          <lines>
            <line number="106" hits="3" branch="false"/>
            <line number="108" hits="3" branch="false"/>
            <line number="126" hits="3" branch="false"/>
            <line number="143" hits="3" branch="false"/>
            <line number="179" hits="3" branch="false"/>
            <line number="218" hits="3" branch="false"/>
          </lines>
        </class>
        <class name="ActivityRequest.js" filename="models\ActivityRequest.js" line-rate="1" branch-rate="1">
          <methods>
          </methods>
          <lines>
            <line number="1" hits="3" branch="false"/>
            <line number="3" hits="3" branch="false"/>
            <line number="13" hits="3" branch="false"/>
          </lines>
        </class>
        <class name="AuditLog.js" filename="models\AuditLog.js" line-rate="1" branch-rate="1">
          <methods>
          </methods>
          <lines>
            <line number="1" hits="3" branch="false"/>
            <line number="3" hits="3" branch="false"/>
            <line number="15" hits="3" branch="false"/>
          </lines>
        </class>
        <class name="Competence.js" filename="models\Competence.js" line-rate="1" branch-rate="1">
          <methods>
          </methods>
          <lines>
            <line number="1" hits="3" branch="false"/>
            <line number="3" hits="3" branch="false"/>
            <line number="13" hits="3" branch="false"/>
          </lines>
        </class>
        <class name="Department.js" filename="models\Department.js" line-rate="1" branch-rate="1">
          <methods>
          </methods>
          <lines>
            <line number="1" hits="3" branch="false"/>
            <line number="3" hits="3" branch="false"/>
            <line number="10" hits="3" branch="false"/>
          </lines>
        </class>
        <class name="Employee.js" filename="models\Employee.js" line-rate="1" branch-rate="1">
          <methods>
          </methods>
          <lines>
            <line number="70" hits="3" branch="false"/>
            <line number="72" hits="3" branch="false"/>
            <line number="80" hits="3" branch="false"/>
            <line number="120" hits="3" branch="false"/>
            <line number="137" hits="3" branch="false"/>
          </lines>
        </class>
        <class name="EvaluationMessage.js" filename="models\EvaluationMessage.js" line-rate="1" branch-rate="1">
          <methods>
          </methods>
          <lines>
            <line number="1" hits="3" branch="false"/>
            <line number="3" hits="3" branch="false"/>
            <line number="76" hits="3" branch="false"/>
          </lines>
        </class>
        <class name="Fiche.js" filename="models\Fiche.js" line-rate="1" branch-rate="1">
          <methods>
          </methods>
          <lines>
            <line number="1" hits="3" branch="false"/>
            <line number="3" hits="3" branch="false"/>
            <line number="9" hits="3" branch="false"/>
          </lines>
        </class>
        <class name="Notification.js" filename="models\Notification.js" line-rate="1" branch-rate="1">
          <methods>
          </methods>
          <lines>
            <line number="13" hits="3" branch="false"/>
            <line number="15" hits="3" branch="false"/>
            <line number="44" hits="3" branch="false"/>
          </lines>
        </class>
        <class name="QuestionCompetence.js" filename="models\QuestionCompetence.js" line-rate="1" branch-rate="1">
          <methods>
          </methods>
          <lines>
            <line number="1" hits="3" branch="false"/>
            <line number="3" hits="3" branch="false"/>
            <line number="9" hits="3" branch="false"/>
          </lines>
        </class>
        <class name="RecommendationHistory.js" filename="models\RecommendationHistory.js" line-rate="1" branch-rate="1">
          <methods>
          </methods>
          <lines>
            <line number="1" hits="3" branch="false"/>
            <line number="3" hits="3" branch="false"/>
            <line number="16" hits="3" branch="false"/>
          </lines>
        </class>
        <class name="Session.js" filename="models\Session.js" line-rate="1" branch-rate="1">
          <methods>
          </methods>
          <lines>
            <line number="1" hits="3" branch="false"/>
            <line number="3" hits="3" branch="false"/>
            <line number="23" hits="3" branch="false"/>
          </lines>
        </class>
      </classes>
    </package>
    <package name="services" line-rate="1" branch-rate="1">
      <classes>
        <class name="emailService.js" filename="services\emailService.js" line-rate="1" branch-rate="1">
          <methods>
            <method name="(anonymous_0)" hits="2" signature="()V">
              <lines>
                <line number="3" hits="2"/>
              </lines>
            </method>
          </methods>
          <lines>
            <line number="1" hits="5" branch="false"/>
            <line number="3" hits="5" branch="false"/>
            <line number="4" hits="2" branch="false"/>
            <line number="5" hits="2" branch="false"/>
            <line number="18" hits="2" branch="false"/>
            <line number="28" hits="2" branch="false"/>
            <line number="35" hits="1" branch="false"/>
            <line number="38" hits="1" branch="false"/>
            <line number="39" hits="1" branch="false"/>
            <line number="43" hits="5" branch="false"/>
          </lines>
        </class>
        <class name="embedding.service.js" filename="services\embedding.service.js" line-rate="1" branch-rate="1">
          <methods>
            <method name="getEmbedding" hits="1" signature="()V">
              <lines>
                <line number="6" hits="1"/>
              </lines>
            </method>
          </methods>
          <lines>
            <line number="1" hits="1" branch="false"/>
            <line number="3" hits="1" branch="false"/>
            <line number="7" hits="1" branch="false"/>
            <line number="11" hits="1" branch="false"/>
            <line number="13" hits="1" branch="false"/>
          </lines>
        </class>
        <class name="nlp.service.js" filename="services\nlp.service.js" line-rate="1" branch-rate="1">
          <methods>
            <method name="extractKeywords" hits="1" signature="()V">
              <lines>
                <line number="11" hits="1"/>
              </lines>
            </method>
          </methods>
          <lines>
            <line number="9" hits="1" branch="false"/>
            <line number="12" hits="1" branch="false"/>
            <line number="15" hits="1" branch="false"/>
          </lines>
        </class>
      </classes>
    </package>
  </packages>
</coverage>
