TN:
SF:controllers\coverage.controller.js
FN:4,(anonymous_0)
FN:8,(anonymous_1)
FNF:2
FNH:2
FNDA:1,(anonymous_0)
FNDA:2,(anonymous_1)
DA:4,1
DA:5,1
DA:8,1
DA:9,2
DA:10,1
DA:13,1
LF:6
LH:6
BRDA:9,0,0,1
BRDA:9,0,1,1
BRDA:9,1,0,2
BRDA:9,1,1,2
BRDA:9,1,2,2
BRF:5
BRH:5
end_of_record
TN:
SF:models\Activity.js
FNF:0
FNH:0
DA:106,3
DA:108,3
DA:126,3
DA:143,3
DA:179,3
DA:218,3
LF:6
LH:6
BRF:0
BRH:0
end_of_record
TN:
SF:models\ActivityRequest.js
FNF:0
FNH:0
DA:1,3
DA:3,3
DA:13,3
LF:3
LH:3
BRF:0
BRH:0
end_of_record
TN:
SF:models\AuditLog.js
FNF:0
FNH:0
DA:1,3
DA:3,3
DA:15,3
LF:3
LH:3
BRF:0
BRH:0
end_of_record
TN:
SF:models\Competence.js
FNF:0
FNH:0
DA:1,3
DA:3,3
DA:13,3
LF:3
LH:3
BRF:0
BRH:0
end_of_record
TN:
SF:models\Department.js
FNF:0
FNH:0
DA:1,3
DA:3,3
DA:10,3
LF:3
LH:3
BRF:0
BRH:0
end_of_record
TN:
SF:models\Employee.js
FNF:0
FNH:0
DA:70,3
DA:72,3
DA:80,3
DA:120,3
DA:137,3
LF:5
LH:5
BRF:0
BRH:0
end_of_record
TN:
SF:models\EvaluationMessage.js
FNF:0
FNH:0
DA:1,3
DA:3,3
DA:76,3
LF:3
LH:3
BRF:0
BRH:0
end_of_record
TN:
SF:models\Fiche.js
FNF:0
FNH:0
DA:1,3
DA:3,3
DA:9,3
LF:3
LH:3
BRF:0
BRH:0
end_of_record
TN:
SF:models\Notification.js
FNF:0
FNH:0
DA:13,3
DA:15,3
DA:44,3
LF:3
LH:3
BRF:0
BRH:0
end_of_record
TN:
SF:models\QuestionCompetence.js
FNF:0
FNH:0
DA:1,3
DA:3,3
DA:9,3
LF:3
LH:3
BRF:0
BRH:0
end_of_record
TN:
SF:models\RecommendationHistory.js
FNF:0
FNH:0
DA:1,3
DA:3,3
DA:16,3
LF:3
LH:3
BRF:0
BRH:0
end_of_record
TN:
SF:models\Session.js
FNF:0
FNH:0
DA:1,3
DA:3,3
DA:23,3
LF:3
LH:3
BRF:0
BRH:0
end_of_record
TN:
SF:services\emailService.js
FN:3,(anonymous_0)
FNF:1
FNH:1
FNDA:2,(anonymous_0)
DA:1,5
DA:3,5
DA:4,2
DA:5,2
DA:18,2
DA:28,2
DA:35,1
DA:38,1
DA:39,1
DA:43,5
LF:10
LH:10
BRF:0
BRH:0
end_of_record
TN:
SF:services\embedding.service.js
FN:6,getEmbedding
FNF:1
FNH:1
FNDA:1,getEmbedding
DA:1,1
DA:3,1
DA:7,1
DA:11,1
DA:13,1
LF:5
LH:5
BRF:0
BRH:0
end_of_record
TN:
SF:services\nlp.service.js
FN:11,extractKeywords
FNF:1
FNH:1
FNDA:1,extractKeywords
DA:9,1
DA:12,1
DA:15,1
LF:3
LH:3
BRF:0
BRH:0
end_of_record
